2025-09-18 14:22:00 | WARN | repo=pv243-javaee-7 | action=commit
2025-02-21 17:03:00 | WARN | repo=pv243-javaee-7 | action=commit
2025-10-03 21:49:00 | INFO | repo=pv243-javaee-7 | action=commit
2025-04-13 16:18:00 | INFO | repo=pv243-javaee-7 | action=commit
2025-01-05 20:54:00 | WARN | repo=pv243-javaee-7 | action=pull
2025-10-22 15:37:00 | DEBUG | repo=pv243-javaee-7 | action=commit
2025-02-13 14:21:00 | INFO | repo=pv243-javaee-7 | action=commit
2025-03-02 15:39:00 | WARN | repo=pv243-javaee-7 | action=commit
2025-02-04 19:15:00 | WARN | repo=pv243-javaee-7 | action=test | passed=true
2025-12-23 11:01:00 | DEBUG | repo=pv243-javaee-7 | action=commit
2025-02-16 21:21:00 | WARN | repo=pv243-javaee-7 | action=commit
2025-04-07 17:57:00 | DEBUG | repo=pv243-javaee-7 | action=commit
2025-02-23 08:00:00 | DEBUG | repo=pv243-javaee-7 | action=commit
2025-11-16 20:29:00 | WARN | repo=pv243-javaee-7 | action=commit
2025-12-07 19:24:00 | DEBUG | repo=pv243-javaee-7 | action=commit
2025-02-05 12:54:00 | INFO | repo=pv243-javaee-7 | action=commit
2025-06-16 17:11:00 | WARN | repo=pv243-javaee-7 | action=commit
2025-03-27 09:33:00 | DEBUG | repo=pv243-javaee-7 | action=commit
2025-06-24 08:37:00 | WARN | repo=pv243-javaee-7 | action=commit
2025-10-01 09:31:00 | DEBUG | repo=pv243-javaee-7 | action=commit
2025-09-28 07:20:00 | DEBUG | repo=pv243-javaee-7 | action=commit
2025-11-14 10:14:00 | INFO | repo=pv243-javaee-7 | action=test | passed=true
2025-02-15 08:17:00 | DEBUG | repo=pv243-javaee-7 | action=pull
2025-08-02 08:11:00 | DEBUG | repo=pv243-javaee-7 | action=pull
2025-03-24 18:27:00 | WARN | repo=pv243-javaee-7 | action=commit
2025-10-22 09:22:00 | DEBUG | repo=pv243-javaee-7 | action=test | passed=true
2025-08-05 21:02:00 | DEBUG | repo=pv243-javaee-7 | action=pull
2025-07-26 13:20:00 | DEBUG | repo=pv243-javaee-7 | action=commit
2025-04-20 15:30:00 | DEBUG | repo=pv243-javaee-7 | action=commit
2025-05-21 14:05:00 | INFO | repo=pv243-javaee-7 | action=commit
2025-05-11 12:32:00 | WARN | repo=pv243-javaee-7 | action=commit
2025-08-17 21:47:00 | WARN | repo=pv243-javaee-7 | action=commit
2025-09-26 09:38:00 | WARN | repo=pv243-javaee-7 | action=commit
2025-11-27 18:23:00 | DEBUG | repo=pv243-javaee-7 | action=test | passed=true
2025-11-09 08:03:00 | DEBUG | repo=pv243-javaee-7 | action=pull
2025-06-03 10:47:00 | WARN | repo=pv243-javaee-7 | action=commit
